<?xml version="1.0" encoding="UTF-8"?>
<!-- Generated by org.testng.reporters.JUnitXMLReporter -->
<testsuite hostname="Abc" name="Login" tests="7" failures="1" timestamp="11 Apr 2017 11:27:58 GMT" time="553.549" errors="0">
  <testcase name="testDashboardComputeCost" time="15.473" classname="ExecutionEngine.Dashboard"/>
  <testcase name="testDashboardStorageCost" time="2.663" classname="ExecutionEngine.Dashboard"/>
  <testcase name="testDashboardNetworkCost" time="3.001" classname="ExecutionEngine.Dashboard"/>
  <testcase name="testDashboardTotalCost" time="5.011" classname="ExecutionEngine.Dashboard"/>
  <testcase name="testMigrationPlannerCost" time="445.611" classname="ExecutionEngine.MigrationPlanner"/>
  <testcase name="testMigrationPlannerCSVReports" time="10.657" classname="ExecutionEngine.MigrationPlanner">
    <failure type="org.openqa.selenium.WebDriverException" message="unimplemented command: session/a97b154e4e721c2664dc14ba6fccba6f/window/fullscreen
Command duration or timeout: 11 milliseconds
Build info: version: &amp;apos;2.52.0&amp;apos;, revision: &amp;apos;4c2593c&amp;apos;, time: &amp;apos;2016-02-11 19:03:33&amp;apos;
System info: host: &amp;apos;Abc&amp;apos;, ip: &amp;apos;192.168.2.5&amp;apos;, os.name: &amp;apos;Windows 8.1&amp;apos;, os.arch: &amp;apos;x86&amp;apos;, os.version: &amp;apos;6.3&amp;apos;, java.version: &amp;apos;1.8.0_111&amp;apos;
Driver info: org.openqa.selenium.chrome.ChromeDriver
Capabilities [{applicationCacheEnabled=false, rotatable=false, mobileEmulationEnabled=false, networkConnectionEnabled=false, chrome={chromedriverVersion=2.29.461591 (62ebf098771772160f391d75e589dc567915b233), userDataDir=C:\Users\Admin\AppData\Local\Google\Chrome\User Data\}, takesHeapSnapshot=true, pageLoadStrategy=normal, databaseEnabled=false, handlesAlerts=true, hasTouchScreen=false, version=57.0.2987.133, platform=WIN8_1, browserConnectionEnabled=false, nativeEvents=true, acceptSslCerts=true, locationContextEnabled=true, webStorageEnabled=true, browserName=chrome, takesScreenshot=true, javascriptEnabled=true, cssSelectorsEnabled=true, unexpectedAlertBehaviour=}]
Session ID: a97b154e4e721c2664dc14ba6fccba6f">
      <![CDATA[org.openqa.selenium.WebDriverException: unimplemented command: session/a97b154e4e721c2664dc14ba6fccba6f/window/fullscreen
Command duration or timeout: 11 milliseconds
Build info: version: '2.52.0', revision: '4c2593c', time: '2016-02-11 19:03:33'
System info: host: 'Abc', ip: '192.168.2.5', os.name: 'Windows 8.1', os.arch: 'x86', os.version: '6.3', java.version: '1.8.0_111'
Driver info: org.openqa.selenium.chrome.ChromeDriver
Capabilities [{applicationCacheEnabled=false, rotatable=false, mobileEmulationEnabled=false, networkConnectionEnabled=false, chrome={chromedriverVersion=2.29.461591 (62ebf098771772160f391d75e589dc567915b233), userDataDir=C:\Users\Admin\AppData\Local\Google\Chrome\User Data\}, takesHeapSnapshot=true, pageLoadStrategy=normal, databaseEnabled=false, handlesAlerts=true, hasTouchScreen=false, version=57.0.2987.133, platform=WIN8_1, browserConnectionEnabled=false, nativeEvents=true, acceptSslCerts=true, locationContextEnabled=true, webStorageEnabled=true, browserName=chrome, takesScreenshot=true, javascriptEnabled=true, cssSelectorsEnabled=true, unexpectedAlertBehaviour=}]
Session ID: a97b154e4e721c2664dc14ba6fccba6f
	at org.openqa.selenium.remote.ErrorHandler.createThrowable(ErrorHandler.java:206)
	at org.openqa.selenium.remote.ErrorHandler.throwIfResponseFailed(ErrorHandler.java:158)
	at org.openqa.selenium.remote.RemoteWebDriver.execute(RemoteWebDriver.java:678)
	at org.openqa.selenium.remote.RemoteWebDriver.execute(RemoteWebDriver.java:701)
	at org.openqa.selenium.remote.RemoteWebDriver$RemoteWebDriverOptions$RemoteWindow.fullscreen(RemoteWebDriver.java:953)
	at ExecutionEngine.MigrationPlanner.testMigrationPlannerCSVReports(MigrationPlanner.java:182)
... Removed 28 stack frames]]>
    </failure>
  </testcase> <!-- testMigrationPlannerCSVReports -->
  <testcase name="testMigrationPlannerReports" time="46.438" classname="ExecutionEngine.MigrationPlanner"/>
</testsuite> <!-- Login -->
